proguard_backup/seeds.txt
com.unome.silenceme.app.CalendarChangeService
com.unome.silenceme.app.CalendarObserverService
com.unome.silenceme.app.CompileKeyWord
com.unome.silenceme.app.DisplayKeywords
com.unome.silenceme.app.DisplayKeywords: void onClickHandler(android.view.View)
com.unome.silenceme.app.R$drawable: int ic_launcher
com.unome.silenceme.app.R$drawable: int ic_menu_name
com.unome.silenceme.app.R$id: int button_disable
com.unome.silenceme.app.R$id: int deleteButton
com.unome.silenceme.app.R$id: int displayKeywords
com.unome.silenceme.app.R$id: int enable_button
com.unome.silenceme.app.R$id: int enterKeyword
com.unome.silenceme.app.R$id: int keywordText
com.unome.silenceme.app.R$id: int kwTable
com.unome.silenceme.app.R$id: int rB_NoSilenceAll
com.unome.silenceme.app.R$id: int rB_SilenceAll
com.unome.silenceme.app.R$id: int rButtonSilent
com.unome.silenceme.app.R$id: int rButtonVibrate
com.unome.silenceme.app.R$id: int scrollView1
com.unome.silenceme.app.R$id: int settingsButton
com.unome.silenceme.app.R$id: int tableParent
com.unome.silenceme.app.R$id: int textView1
com.unome.silenceme.app.R$id: int textView2
com.unome.silenceme.app.R$layout: int displaykeywords
com.unome.silenceme.app.R$layout: int main
com.unome.silenceme.app.R$layout: int settingsmenu
com.unome.silenceme.app.R$string: int addKw
com.unome.silenceme.app.R$string: int allKw
com.unome.silenceme.app.R$string: int app_name
com.unome.silenceme.app.R$string: int delete
com.unome.silenceme.app.R$string: int disable
com.unome.silenceme.app.R$string: int displayKw
com.unome.silenceme.app.R$string: int enable
com.unome.silenceme.app.R$string: int enter
com.unome.silenceme.app.R$string: int hello
com.unome.silenceme.app.SetBack
com.unome.silenceme.app.SetBackService
com.unome.silenceme.app.SetSilentAll
com.unome.silenceme.app.SettingsActivity
com.unome.silenceme.app.SilenceMeActivity
com.unome.silenceme.app.SilenceMeActivity: void onClickHandler(android.view.View)
com.unome.silenceme.app.SilencePhone
com.unome.silenceme.app.SilencePhoneService
com.unome.silenceme.app.StartServiceOnBoot