proguard_backup/mapping.txt
com.unome.silenceme.app.CalendarChangeService -> com.unome.silenceme.app.CalendarChangeService:
    android.os.IBinder onBind(android.content.Intent) -> onBind
    void onCreate() -> onCreate
    void onDestroy() -> onDestroy
    void onStart(android.content.Intent,int) -> onStart
com.unome.silenceme.app.CalendarObserver -> com.unome.silenceme.app.a:
    java.lang.String TAG -> a
    android.content.Context context -> b
    boolean deliverSelfNotifications() -> deliverSelfNotifications
    void onChange(boolean) -> onChange
com.unome.silenceme.app.CalendarObserverService -> com.unome.silenceme.app.CalendarObserverService:
    com.unome.silenceme.app.DBhelper dbHelper -> a
    java.lang.String TAG -> b
    void onHandleIntent(android.content.Intent) -> onHandleIntent
    void deleteAlarm(java.lang.String) -> a
com.unome.silenceme.app.CompileKeyWord -> com.unome.silenceme.app.CompileKeyWord:
    java.lang.String TAG -> a
    com.unome.silenceme.app.DBhelper dbhelper -> b
    void onStart(android.content.Intent,int) -> onStart
    void onHandleIntent(android.content.Intent) -> onHandleIntent
    void addToEventTable(java.lang.String,java.lang.String) -> a
com.unome.silenceme.app.DBhelper -> com.unome.silenceme.app.b:
    android.content.Context context -> a
    void onCreate(android.database.sqlite.SQLiteDatabase) -> onCreate
    void onUpgrade(android.database.sqlite.SQLiteDatabase,int,int) -> onUpgrade
    int add(android.content.Context,android.text.Editable) -> a
com.unome.silenceme.app.DisplayKeywords -> com.unome.silenceme.app.DisplayKeywords:
    com.unome.silenceme.app.DBhelper dbhelper -> a
    java.lang.String TAG -> b
    java.util.ArrayList checked -> c
    void onCreate(android.os.Bundle) -> onCreate
    void showKeywords() -> a
    void onClickHandler(android.view.View) -> onClickHandler
    void enableKeyWords() -> b
    void disableKeywords() -> c
    void deleteKeywords() -> d
    void deleteAlarmMananger(java.lang.String,android.database.sqlite.SQLiteDatabase) -> a
com.unome.silenceme.app.DisplayKeywords$1 -> com.unome.silenceme.app.c:
    com.unome.silenceme.app.DisplayKeywords this$0 -> a
    android.widget.Button val$delBut -> b
    android.widget.Button val$disBut -> c
    android.widget.Button val$enaBut -> d
    void onClick(android.view.View) -> onClick
com.unome.silenceme.app.SetBack -> com.unome.silenceme.app.SetBack:
    java.lang.String TAG -> a
    void onReceive(android.content.Context,android.content.Intent) -> onReceive
com.unome.silenceme.app.SetBackService -> com.unome.silenceme.app.SetBackService:
    java.lang.String TAG -> a
    void onHandleIntent(android.content.Intent) -> onHandleIntent
com.unome.silenceme.app.SetSilentAll -> com.unome.silenceme.app.SetSilentAll:
    java.lang.String TAG -> a
    com.unome.silenceme.app.DBhelper dbhelper -> b
    void onStart(android.content.Intent,int) -> onStart
    void onHandleIntent(android.content.Intent) -> onHandleIntent
    void addToEventTable(java.lang.String,java.lang.String) -> a
com.unome.silenceme.app.SettingsActivity -> com.unome.silenceme.app.SettingsActivity:
    void onCreate(android.os.Bundle) -> onCreate
com.unome.silenceme.app.SettingsActivity$1 -> com.unome.silenceme.app.d:
    com.unome.silenceme.app.SettingsActivity this$0 -> a
    android.widget.RadioButton val$rBVibrate -> b
    android.content.SharedPreferences val$wmbPreference -> c
    void onClick(android.view.View) -> onClick
com.unome.silenceme.app.SettingsActivity$2 -> com.unome.silenceme.app.e:
    com.unome.silenceme.app.SettingsActivity this$0 -> a
    android.widget.RadioButton val$rBSilent -> b
    android.content.SharedPreferences val$wmbPreference -> c
    void onClick(android.view.View) -> onClick