proguard_backup/usage.txt
com.unome.silenceme.app.BuildConfig
com.unome.silenceme.app.CalendarObserver:
    21:22:public CalendarObserver(android.os.Handler)
com.unome.silenceme.app.DBhelper:
    public static final java.lang.String TAG
    public static final java.lang.String DB_NAME
    public static final int DB_VERSION
    static final java.lang.String kwTName
    public static final java.lang.String C_KName
    public static final java.lang.String C_KStatus
    public static final java.lang.String C_id
    public static final java.lang.String calTName
    public static final java.lang.String calEventId
    public static final java.lang.String allCalendarsTable
    public static final java.lang.String calName
com.unome.silenceme.app.R
com.unome.silenceme.app.R$attr
com.unome.silenceme.app.R$drawable
com.unome.silenceme.app.R$id
com.unome.silenceme.app.R$layout
com.unome.silenceme.app.R$string
...
android.annotation.SuppressLint
android.annotation.TargetApi